<?xml version="1.0" encoding="UTF-8"?>
<!-- Generated by org.testng.reporters.JUnitReportReporter -->
<testsuite hostname="CHENNWL-455FT12" name="com.obj.TestScript.Dashboard_Status_Feed_TestScript" tests="1" failures="0" timestamp="17 Nov 2015 11:01:38 GMT" time="20.981" errors="0">
  <testcase name="Deleting_Discussion_Replies_Test" time="20.981" classname="com.obj.TestScript.Dashboard_Status_Feed_TestScript"/>
</testsuite> <!-- com.obj.TestScript.Dashboard_Status_Feed_TestScript -->
