<?xml version="1.0" encoding="UTF-8"?>
<!-- Generated by org.testng.reporters.JUnitReportReporter -->
<testsuite hostname="CHENNWL-455FT12" name="com.obj.About.About_Test_Case" tests="3" failures="0" timestamp="26 Nov 2015 06:07:38 GMT" time="61.361" errors="0">
  <testcase name="Navigate_To_About" time="4.815" classname="com.obj.About.About_Test_Case"/>
  <testcase name="About_Me_Test" time="30.763" classname="com.obj.About.About_Test_Case"/>
  <testcase name="Profile_Basic_Information_In_About" time="25.783" classname="com.obj.About.About_Test_Case"/>
</testsuite> <!-- com.obj.About.About_Test_Case -->
