<?xml version="1.0" encoding="UTF-8"?>
<!-- Generated by org.testng.reporters.JUnitReportReporter -->
<testsuite hostname="CHENNWL-455FT12" name="com.obj.Discussion_TestScript.Discussion_Test_Case" tests="6" failures="0" timestamp="17 Nov 2015 11:21:02 GMT" time="87.213" errors="0">
  <testcase name="Deleting_Discussion_Replies_Test" time="23.499" classname="com.obj.Discussion_TestScript.Discussion_Test_Case"/>
  <testcase name="filtering_Unfiltering_Discussion_Test" time="3.720" classname="com.obj.Discussion_TestScript.Discussion_Test_Case"/>
  <testcase name="Editing_Discussion_Replies_Test" time="23.009" classname="com.obj.Discussion_TestScript.Discussion_Test_Case"/>
  <testcase name="Discussion_Replies_test" time="18.853" classname="com.obj.Discussion_TestScript.Discussion_Test_Case"/>
  <testcase name="Discussion_Replies_Option_Test" time="17.283" classname="com.obj.Discussion_TestScript.Discussion_Test_Case"/>
  <testcase name="Navigate_To_Discussion_Page_Test" time="0.849" classname="com.obj.Discussion_TestScript.Discussion_Test_Case"/>
</testsuite> <!-- com.obj.Discussion_TestScript.Discussion_Test_Case -->
