<?xml version="1.0" encoding="UTF-8"?>
<!-- Generated by org.testng.reporters.JUnitReportReporter -->
<testsuite hostname="CHENNWL-455FT12" name="com.obj.About.About_Test_Case" tests="3" failures="0" timestamp="23 Nov 2015 12:19:24 GMT" time="63.607" errors="0">
  <testcase name="Profile_Basic_Information_In_About" time="30.626" classname="com.obj.About.About_Test_Case"/>
  <testcase name="About_Me_Test" time="28.126" classname="com.obj.About.About_Test_Case"/>
  <testcase name="Navigate_To_About" time="4.855" classname="com.obj.About.About_Test_Case"/>
</testsuite> <!-- com.obj.About.About_Test_Case -->
