<?xml version="1.0" encoding="UTF-8"?>
<!-- Generated by org.testng.reporters.JUnitReportReporter -->
<testsuite hostname="CHENNWL-455FT12" name="com.obj.TestScript.Dashboard_Status_Feed_TestScript" tests="1" failures="0" timestamp="23 Nov 2015 12:19:24 GMT" time="42.038" errors="0">
  <testcase name="Dashboard_Widget_TestCase" time="42.038" classname="com.obj.TestScript.Dashboard_Status_Feed_TestScript"/>
</testsuite> <!-- com.obj.TestScript.Dashboard_Status_Feed_TestScript -->
