<?xml version="1.0" encoding="UTF-8"?>
<!-- Generated by org.testng.reporters.JUnitReportReporter -->
<testsuite hostname="CHENNWL-455FT12" name="Testing" tests="1" failures="0" timestamp="25 Aug 2015 12:24:52 GMT" time="6.642" errors="0">
  <testcase name="test" time="6.642" classname="Testing"/>
</testsuite> <!-- Testing -->
