<?xml version="1.0" encoding="UTF-8"?>
<!-- Generated by org.testng.reporters.JUnitReportReporter -->
<testsuite hostname="CHENNWL-455FT12" name="com.obj.Discussion.Discussion_Test_Case" tests="6" failures="0" timestamp="23 Nov 2015 12:19:24 GMT" time="77.221" errors="0">
  <testcase name="Deleting_Discussion_Replies_Test" time="20.198" classname="com.obj.Discussion.Discussion_Test_Case"/>
  <testcase name="filtering_Unfiltering_Discussion_Test" time="2.916" classname="com.obj.Discussion.Discussion_Test_Case"/>
  <testcase name="Editing_Discussion_Replies_Test" time="20.379" classname="com.obj.Discussion.Discussion_Test_Case"/>
  <testcase name="Discussion_Replies_Option_Test" time="14.334" classname="com.obj.Discussion.Discussion_Test_Case"/>
  <testcase name="Discussion_Replies_test" time="16.781" classname="com.obj.Discussion.Discussion_Test_Case"/>
  <testcase name="Navigate_To_Discussion_Page_Test" time="2.613" classname="com.obj.Discussion.Discussion_Test_Case"/>
</testsuite> <!-- com.obj.Discussion.Discussion_Test_Case -->
